Loading x86_64 (no gpu) environment
Environment loaded. Spack available.
Number of threads: 32
Number of cores: 1
Number of MPI processes: 64
From rank 0: Starting simulation with the following config...
==============================================================
	Quadtree Config:
	   QUADTREE_MAX_DEPTH: 50
	   QUADTREE_MAX_VALUES: 4
	   QUADTREE_THRESHOLD: 16
	Simualtion configuration:
	   Number of atoms: 100000
	   Number of runs: 100
==============================================================
Setting up simulation...
Setting up simulation...
Setting up simulation...
Setting up simulation...
Particle 0 is the SUN
Setting up simulation...
Particle 0 is the SUN
Setting up simulation...
Particle 0 is the SUN
Particle 0 is the SUN
Particle 0 at 510, 510
 with velocity 0, 0
with mass 3e+07
Solar system setup complete
Particle 0 is the SUN
Particle 0 at 510, 510
 with velocity 0, 0
with mass 3e+07
Solar system setup complete
Created MPI particle data type
Now calculating chunk size...
MPI initialized, sending particles...
From rank 3: Starting MPI simulation...
Setting up simulation...
Particle 0 is the SUN
Particle 0 at 510, 510
 with velocity 0, 0
with mass 3e+07
Solar system setup complete
Created MPI particle data type
Now calculating chunk size...
MPI initialized, sending particles...
Particle 0 is the SUN
Particle 0 at 510, 510
 with velocity 0, 0
with mass 3e+07
Solar system setup complete
Created MPI particle data type
Now calculating chunk size...
MPI initialized, sending particles...
From rank 17: Starting MPI simulation...
Setting up simulation...
Particle 0 is the SUN
Particle 0 at 510, 510
 with velocity 0, 0
with mass 3e+07
Solar system setup complete
Created MPI particle data type
Now calculating chunk size...
MPI initialized, sending particles...
From rank 20: Starting MPI simulation...
Particle 0 at 510, 510
 with velocity 0, 0
with mass 3e+07
Solar system setup complete
Created MPI particle data type
Now calculating chunk size...
MPI initialized, sending particles...
From rank 24: Starting MPI simulation...
Particle 0 at 510, 510
 with velocity 0, 0
with mass 3e+07
Solar system setup complete
Created MPI particle data type
Now calculating chunk size...
MPI initialized, sending particles...
From rank 31: Starting MPI simulation...
Created MPI particle data type
Now calculating chunk size...
MPI initialized, sending particles...
From rank 7: Starting MPI simulation...
Setting up simulation...
Particle 0 is the SUN
Setting up simulation...
Particle 0 is the SUN
Particle 0 at 510, 510
 with velocity 0, 0
with mass 3e+07
Solar system setup complete
Created MPI particle data type
Now calculating chunk size...
MPI initialized, sending particles...
From rank 25: Starting MPI simulation...
Setting up simulation...
Particle 0 is the SUN
Particle 0 at 510, 510
 with velocity 0, 0
with mass 3e+07
Solar system setup complete
Created MPI particle data type
Setting up simulation...
Particle 0 is the SUN
Particle 0 at 510, 510
 with velocity 0, 0
with mass 3e+07
Solar system setup complete
Created MPI particle data type
Now calculating chunk size...
MPI initialized, sending particles...
From rank 13: Starting MPI simulation...
Setting up simulation...
Particle 0 is the SUN
Particle 0 at 510, 510
 with velocity 0, 0
with mass 3e+07
Solar system setup complete
Created MPI particle data type
Now calculating chunk size...
MPI initialized, sending particles...
From rank 4: Starting MPI simulation...
From rank 27: Starting MPI simulation...
Particle 0 at 510, 510
 with velocity 0, 0
with mass 3e+07
Solar system setup complete
Created MPI particle data type
Now calculating chunk size...
MPI initialized, sending particles...
From rank 16: Starting MPI simulation...
Setting up simulation...
Particle 0 is the SUN
Particle 0 at 510, 510
 with velocity 0, 0
with mass 3e+07
Solar system setup complete
Created MPI particle data type
Now calculating chunk size...
MPI initialized, sending particles...
From rank 15: Starting MPI simulation...
Setting up simulation...
Particle 0 is the SUN
Particle 0 at 510, 510
 with velocity 0, 0
with mass 3e+07
Solar system setup complete
Created MPI particle data type
Now calculating chunk size...
MPI initialized, sending particles...
From rank 9: Starting MPI simulation...
Particle 0 at 510, 510
 with velocity 0, 0
with mass 3e+07
Solar system setup complete
Created MPI particle data type
Now calculating chunk size...
MPI initialized, sending particles...
From rank 30: Starting MPI simulation...
Setting up simulation...
Particle 0 is the SUN
Particle 0 at 510, 510
 with velocity 0, 0
with mass 3e+07
Solar system setup complete
Created MPI particle data type
Now calculating chunk size...
MPI initialized, sending particles...
From rank 12: Starting MPI simulation...
Now calculating chunk size...
MPI initialized, sending particles...
From rank 23: Starting MPI simulation...
Setting up simulation...
Particle 0 is the SUN
Particle 0 at 510, 510
 with velocity 0, 0
with mass 3e+07
Solar system setup complete
Created MPI particle data type
Now calculating chunk size...
MPI initialized, sending particles...
From rank 14: Starting MPI simulation...
Setting up simulation...
Particle 0 is the SUN
Particle 0 at 510, 510
 with velocity 0, 0
with mass 3e+07
Solar system setup complete
Setting up simulation...
Particle 0 is the SUN
Particle 0 at 510, 510
 with velocity 0, 0
with mass 3e+07
Solar system setup complete
Setting up simulation...
Particle 0 is the SUN
Particle 0 at 510, 510
 with velocity 0, 0
with mass 3e+07
Solar system setup complete
Created MPI particle data type
Now calculating chunk size...
MPI initialized, sending particles...
From rank 29: Starting MPI simulation...
Setting up simulation...
Particle 0 is the SUN
Particle 0 at 510, 510
 with velocity 0, 0
with mass 3e+07
Solar system setup complete
Created MPI particle data type
Now calculating chunk size...
MPI initialized, sending particles...
From rank 28: Starting MPI simulation...
Setting up simulation...
Particle 0 is the SUN
Particle 0 at 510, 510
 with velocity 0, 0
with mass 3e+07
Solar system setup complete
Created MPI particle data type
Now calculating chunk size...
MPI initialized, sending particles...
From rank 26: Starting MPI simulation...
Setting up simulation...
Particle 0 is the SUN
Particle 0 at 510, 510
 with velocity 0, 0
with mass 3e+07
Solar system setup complete
Created MPI particle data type
Now calculating chunk size...
MPI initialized, sending particles...
From rank 2: Starting MPI simulation...
Setting up simulation...
Particle 0 is the SUN
Particle 0 at 510, 510
 with velocity 0, 0
Setting up simulation...
Particle 0 is the SUN
Particle 0 at 510, 510
 with velocity 0, 0
with mass 3e+07
Solar system setup complete
Created MPI particle data type
Now calculating chunk size...
MPI initialized, sending particles...
From rank 6: Starting MPI simulation...
Setting up simulation...
Particle 0 is the SUN
Particle 0 at 510, 510
 with velocity 0, 0
with mass 3e+07
Solar system setup complete
Created MPI particle data type
Now calculating chunk size...
MPI initialized, sending particles...
From rank 11: Starting MPI simulation...
Setting up simulation...
Particle 0 is the SUN
Particle 0 at 510, 510
 with velocity 0, 0
with mass 3e+07
Solar system setup complete
Created MPI particle data type
Now calculating chunk size...
MPI initialized, sending particles...
From rank 21: Starting MPI simulation...
Setting up simulation...
Particle 0 is the SUN
Particle 0 at 510, 510
 with velocity 0, 0
with mass 3e+07
Solar system setup complete
Created MPI particle data type
Now calculating chunk size...
MPI initialized, sending particles...
From rank 8: Starting MPI simulation...
Setting up simulation...
Particle 0 is the SUN
Particle 0 at 510, 510
 with velocity 0, 0
with mass 3e+07
Solar system setup complete
Created MPI particle data type
Now calculating chunk size...
MPI initialized, sending particles...
From rank 10: Starting MPI simulation...
Created MPI particle data type
Now calculating chunk size...
MPI initialized, sending particles...
From rank 1: Starting MPI simulation...
Created MPI particle data type
Now calculating chunk size...
MPI initialized, sending particles...
From rank 5: Starting MPI simulation...
Setting up simulation...
Particle 0 is the SUN
Particle 0 at 510, 510
 with velocity 0, 0
with mass 3e+07
Solar system setup complete
Created MPI particle data type
Now calculating chunk size...
MPI initialized, sending particles...
From rank 19: Starting MPI simulation...
with mass 3e+07
Solar system setup complete
Created MPI particle data type
Now calculating chunk size...
MPI initialized, sending particles...
From rank 18: Starting MPI simulation...
Setting up simulation...
Particle 0 is the SUN
Setting up simulation...
Particle 0 is the SUN
Particle 0 at 510, 510
 with velocity 0, 0
with mass 3e+07
Solar system setup complete
Setting up simulation...
Particle 0 is the SUN
Particle 0 at 510, 510
 with velocity 0, 0
with mass 3e+07
Solar system setup complete
Created MPI particle data type
Now calculating chunk size...
MPI initialized, sending particles...
From rank 22: Starting MPI simulation...
Setting up simulation...
Particle 0 is the SUN
Particle 0 at 510, 510
 with velocity 0, 0
with mass 3e+07
Solar system setup complete
Setting up simulation...
Setting up simulation...
Particle 0 is the SUN
Particle 0 at 510, 510
 with velocity 0, 0
with mass 3e+07
Solar system setup complete
Setting up simulation...
Particle 0 is the SUN
Particle 0 at 510, 510
 with velocity 0, 0
with mass 3e+07
Solar system setup complete
Particle 0 is the SUN
Setting up simulation...
Particle 0 is the SUN
Particle 0 at 510, 510
 with velocity 0, 0
with mass 3e+07
Solar system setup complete
Created MPI particle data type
Now calculating chunk size...
MPI initialized, sending particles...
Particle 0 at 510, 510
 with velocity 0, 0
with mass 3e+07
Solar system setup complete
Setting up particle simulation...
Setting up simulation...
Particle 0 is the SUN
Particle 0 at 510, 510
 with velocity 0, 0
with mass 3e+07
Solar system setup complete
Created MPI particle data type
Now calculating chunk size...
MPI initialized, sending particles...
From rank 55: Starting MPI simulation...
Center of the world: 510, 510
Setting up simulation...
Particle 0 is the SUN
Particle 0 at 510, 510
 with velocity 0, 0
with mass 3e+07
Solar system setup complete
Created MPI particle data type
Now calculating chunk size...
MPI initialized, sending particles...
From rank 58: Starting MPI simulation...
Setting up simulation...
Particle 0 is the SUN
Particle 0 at 510, 510
 with velocity 0, 0
with mass 3e+07
Setting up simulation...
Particle 0 is the SUN
Particle 0 at 510, 510
 with velocity 0, 0
with mass 3e+07
Solar system setup complete
Created MPI particle data type
Now calculating chunk size...
MPI initialized, sending particles...
From rank 47: Starting MPI simulation...
Setting up simulation...
Particle 0 is the SUN
Particle 0 at 510, 510
 with velocity 0, 0
with mass 3e+07
Solar system setup complete
Created MPI particle data type
Now calculating chunk size...
MPI initialized, sending particles...
From rank 36: Starting MPI simulation...
Setting up simulation...
Particle 0 is the SUN
Particle 0 at 510, 510
 with velocity 0, 0
with mass 3e+07
Solar system setup complete
Created MPI particle data type
Now calculating chunk size...
MPI initialized, sending particles...
From rank 62: Starting MPI simulation...
Particle 0 at 510, 510
 with velocity 0, 0
with mass 3e+07
Solar system setup complete
Created MPI particle data type
Now calculating chunk size...
MPI initialized, sending particles...
From rank 44: Starting MPI simulation...
Setting up simulation...
Particle 0 is the SUN
Particle 0 at 510, 510
 with velocity 0, 0
with mass 3e+07
Solar system setup complete
Created MPI particle data type
Now calculating chunk size...
MPI initialized, sending particles...
From rank 57: Starting MPI simulation...
Created MPI particle data type
Now calculating chunk size...
MPI initialized, sending particles...
From rank 59: Starting MPI simulation...
Created MPI particle data type
Now calculating chunk size...
MPI initialized, sending particles...
From rank 56: Starting MPI simulation...
Created MPI particle data type
Now calculating chunk size...
MPI initialized, sending particles...
From rank 41: Starting MPI simulation...
Created MPI particle data type
Now calculating chunk size...
MPI initialized, sending particles...
From rank 40: Starting MPI simulation...
Setting up simulation...
Particle 0 is the SUN
Particle 0 at 510, 510
 with velocity 0, 0
with mass 3e+07
Solar system setup complete
Created MPI particle data type
Now calculating chunk size...
MPI initialized, sending particles...
From rank 54: Starting MPI simulation...
From rank 60: Starting MPI simulation...
Setting up simulation...
Particle 0 is the SUN
Particle 0 at 510, 510
 with velocity 0, 0
with mass 3e+07
Solar system setup complete
Created MPI particle data type
Now calculating chunk size...
MPI initialized, sending particles...
From rank 50: Starting MPI simulation...
Solar system setup complete
Created MPI particle data type
Now calculating chunk size...
MPI initialized, sending particles...
From rank 35: Starting MPI simulation...
Setting up simulation...
Particle 0 is the SUN
Particle 0 at 510, 510
 with velocity 0, 0
with mass 3e+07
Solar system setup complete
Created MPI particle data type
Now calculating chunk size...
MPI initialized, sending particles...
From rank 32: Starting MPI simulation...
Setting up simulation...
Particle 0 is the SUN
Particle 0 at 510, 510
 with velocity 0, 0
with mass 3e+07
Solar system setup complete
Created MPI particle data type
Now calculating chunk size...
MPI initialized, sending particles...
From rank 38: Starting MPI simulation...
Setting up simulation...
Particle 0 is the SUN
Particle 0 at 510, 510
 with velocity 0, 0
with mass 3e+07
Solar system setup complete
Created MPI particle data type
Now calculating chunk size...
MPI initialized, sending particles...
From rank 46: Starting MPI simulation...
Setting up simulation...
Particle 0 is the SUN
Particle 0 at 510, 510
 with velocity 0, 0
with mass 3e+07
Solar system setup complete
Created MPI particle data type
Now calculating chunk size...
MPI initialized, sending particles...
From rank 61: Starting MPI simulation...
Setting up simulation...
Particle 0 is the SUN
Particle 0 at 510, 510
 with velocity 0, 0
with mass 3e+07
Solar system setup complete
Created MPI particle data type
Now calculating chunk size...
MPI initialized, sending particles...
From rank 42: Starting MPI simulation...
Setting up simulation...
Particle 0 is the SUN
Particle 0 at 510, 510
 with velocity 0, 0
with mass 3e+07
Solar system setup complete
Created MPI particle data type
Now calculating chunk size...
MPI initialized, sending particles...
From rank 45: Starting MPI simulation...
Setting up simulation...
Particle 0 is the SUN
Particle 0 at 510, 510
 with velocity 0, 0
with mass 3e+07
Solar system setup complete
Created MPI particle data type
Now calculating chunk size...
MPI initialized, sending particles...
From rank 34: Starting MPI simulation...
Setting up simulation...
Particle 0 is the SUN
Particle 0 at 510, 510
 with velocity 0, 0
with mass 3e+07
Solar system setup complete
Created MPI particle data type
Now calculating chunk size...
MPI initialized, sending particles...
From rank 48: Starting MPI simulation...
Setting up simulation...
Particle 0 is the SUN
Particle 0 at 510, 510
 with velocity 0, 0
with mass 3e+07
Solar system setup complete
Created MPI particle data type
Now calculating chunk size...
MPI initialized, sending particles...
From rank 51: Starting MPI simulation...
Setting up simulation...
Particle 0 is the SUN
Particle 0 at 510, 510
 with velocity 0, 0
with mass 3e+07
Solar system setup complete
Created MPI particle data type
Now calculating chunk size...
MPI initialized, sending particles...
From rank 52: Starting MPI simulation...
Setting up simulation...
Particle 0 is the SUN
Particle 0 at 510, 510
 with velocity 0, 0
with mass 3e+07
Solar system setup complete
Created MPI particle data type
Now calculating chunk size...
MPI initialized, sending particles...
From rank 43: Starting MPI simulation...
Setting up simulation...
Particle 0 is the SUN
Particle 0 at 510, 510
 with velocity 0, 0
with mass 3e+07
Solar system setup complete
Created MPI particle data type
Now calculating chunk size...
MPI initialized, sending particles...
From rank 33: Starting MPI simulation...
Setting up simulation...
Particle 0 is the SUN
Particle 0 at 510, 510
 with velocity 0, 0
with mass 3e+07
Solar system setup complete
Created MPI particle data type
Now calculating chunk size...
MPI initialized, sending particles...
From rank 39: Starting MPI simulation...
Setting up simulation...
Particle 0 is the SUN
Particle 0 at 510, 510
 with velocity 0, 0
with mass 3e+07
Solar system setup complete
Created MPI particle data type
Now calculating chunk size...
MPI initialized, sending particles...
From rank 53: Starting MPI simulation...
Setting up simulation...
Particle 0 is the SUN
Particle 0 at 510, 510
 with velocity 0, 0
with mass 3e+07
Solar system setup complete
Created MPI particle data type
Now calculating chunk size...
MPI initialized, sending particles...
From rank 37: Starting MPI simulation...
Setting up simulation...
Particle 0 is the SUN
Particle 0 at 510, 510
 with velocity 0, 0
with mass 3e+07
Solar system setup complete
Created MPI particle data type
Now calculating chunk size...
MPI initialized, sending particles...
From rank 63: Starting MPI simulation...
Setting up simulation...
Particle 0 is the SUN
Particle 0 at 510, 510
 with velocity 0, 0
with mass 3e+07
Solar system setup complete
Created MPI particle data type
Now calculating chunk size...
MPI initialized, sending particles...
From rank 49: Starting MPI simulation...
Particle simulation setup complete
Created MPI particle data type
Now calculating chunk size...
MPI initialized, sending particles...
Starting N-Body simulation
From rank 0: Starting MPI simulation...
From rank 1: Simulation complete
From rank 2: Simulation complete
From rank 3: Simulation complete
From rank 4: Simulation complete
From rank 5: Simulation complete
From rank 6: Simulation complete
From rank 7: Simulation complete
From rank 8: Simulation complete
From rank 9: Simulation complete
From rank 10: Simulation complete
From rank 11: Simulation complete
From rank 12: Simulation complete
From rank 13: Simulation complete
From rank 14: Simulation complete
From rank 15: Simulation complete
From rank 16: Simulation complete
From rank 17: Simulation complete
From rank 18: Simulation complete
From rank 19: Simulation complete
From rank 20: Simulation complete
From rank 21: Simulation complete
From rank 22: Simulation complete
From rank 23: Simulation complete
From rank 24: Simulation complete
From rank 25: Simulation complete
From rank 26: Simulation complete
From rank 27: Simulation complete
From rank 28: Simulation complete
From rank 29: Simulation complete
From rank 30: Simulation complete
From rank 31: Simulation complete
From rank 32: Simulation complete
From rank 33: Simulation complete
From rank 34: Simulation complete
From rank 35: Simulation complete
From rank 36: Simulation complete
From rank 37: Simulation complete
From rank 38: Simulation complete
From rank 39: Simulation complete
From rank 40: Simulation complete
From rank 41: Simulation complete
From rank 42: Simulation complete
From rank 43: Simulation complete
From rank 44: Simulation complete
From rank 45: Simulation complete
From rank 46: Simulation complete
From rank 47: Simulation complete
From rank 48: Simulation complete
From rank 49: Simulation complete
From rank 50: Simulation complete
From rank 51: Simulation complete
From rank 52: Simulation complete
From rank 53: Simulation complete
From rank 54: Simulation complete
From rank 55: Simulation complete
From rank 56: Simulation complete
From rank 57: Simulation complete
From rank 58: Simulation complete
From rank 59: Simulation complete
From rank 60: Simulation complete
From rank 61: Simulation complete
From rank 62: Simulation complete
From rank 63: Simulation complete
Time: 688s
Time: 688142ms
Time: 688142290us
From rank 0: Simulation complete
