Loading x86_64 (no gpu) environment
Environment loaded. Spack available.
Number of threads: 1
Number of cores: 1
Number of MPI processes: 1
From rank 0: Starting simulation with the following config...
==============================================================
	Quadtree Config:
	   QUADTREE_MAX_DEPTH: 50
	   QUADTREE_MAX_VALUES: 4
	   QUADTREE_THRESHOLD: 16
	Simualtion configuration:
	   Number of atoms: 100000
	   Number of runs: 100
==============================================================
Setting up simulation...
Particle 0 is the SUN
Particle 0 at 510, 510
 with velocity 0, 0
with mass 3e+07
Solar system setup complete
Setting up particle simulation...
Center of the world: 510, 510
Particle simulation setup complete
Created MPI particle data type
Now calculating chunk size...
MPI initialized, sending particles...
Starting N-Body simulation
From rank 0: Starting MPI simulation...
Time: 3s
Time: 3834ms
Time: 3834272us
From rank 0: Simulation complete
